build/app/intermediates/manifest_merge_blame_file/debug/manifest-merger-blame-debug-report.txt
1<?xml version="1.0" encoding="utf-8"?>
2<manifest xmlns:android="http://schemas.android.com/apk/res/android"
3    package="com.venomverse.ar_test_2"
4    android:versionCode="1"
5    android:versionName="1.0.0" >
6
7    <uses-sdk
8        android:minSdkVersion="24"
9        android:targetSdkVersion="33" />
10    <!--
11         The INTERNET permission is required for development. Specifically,
12         the Flutter tool needs it to communicate with the running application
13         to allow setting breakpoints, to provide hot reload, etc.
14    -->
15    <uses-permission android:name="android.permission.INTERNET" />
15-->src/debug/AndroidManifest.xml:7:5-66
15-->src/debug/AndroidManifest.xml:7:22-64
16
17    <queries>
17-->[com.google.ar:core:1.38.0] AndroidManifest.xml:20:5-22:15
18        <package android:name="com.google.ar.core" />
18-->[com.google.ar:core:1.38.0] AndroidManifest.xml:21:9-54
18-->[com.google.ar:core:1.38.0] AndroidManifest.xml:21:18-51
19    </queries>
20
21    <application
22        android:name="android.app.Application"
23        android:appComponentFactory="androidx.core.app.CoreComponentFactory"
23-->[androidx.core:core:1.6.0] AndroidManifest.xml:24:18-86
24        android:debuggable="true"
25        android:extractNativeLibs="false"
26        android:icon="@mipmap/ic_launcher"
27        android:label="ar_test" >
28        <activity
29            android:name="com.venomverse.ar_test_2.MainActivity"
30            android:configChanges="orientation|keyboardHidden|keyboard|screenSize|smallestScreenSize|locale|layoutDirection|fontScale|screenLayout|density|uiMode"
31            android:exported="true"
32            android:hardwareAccelerated="true"
33            android:launchMode="singleTop"
34            android:theme="@style/LaunchTheme"
35            android:windowSoftInputMode="adjustResize" >
36
37            <!--
38                 Specifies an Android theme to apply to this Activity as soon as
39                 the Android process has started. This theme is visible to the user
40                 while the Flutter UI initializes. After that, this theme continues
41                 to determine the Window background behind the Flutter UI.
42            -->
43            <meta-data
44                android:name="io.flutter.embedding.android.NormalTheme"
45                android:resource="@style/NormalTheme" />
46
47            <intent-filter>
48                <action android:name="android.intent.action.MAIN" />
49
50                <category android:name="android.intent.category.LAUNCHER" />
51            </intent-filter>
52        </activity>
53        <!--
54             Don't delete the meta-data below.
55             This is used by the Flutter tool to generate GeneratedPluginRegistrant.java
56        -->
57        <meta-data
58            android:name="flutterEmbedding"
59            android:value="2" />
60
61        <uses-library
61-->[androidx.window:window:1.0.0-beta04] AndroidManifest.xml:25:9-27:40
62            android:name="androidx.window.extensions"
62-->[androidx.window:window:1.0.0-beta04] AndroidManifest.xml:26:13-54
63            android:required="false" />
63-->[androidx.window:window:1.0.0-beta04] AndroidManifest.xml:27:13-37
64        <uses-library
64-->[androidx.window:window:1.0.0-beta04] AndroidManifest.xml:28:9-30:40
65            android:name="androidx.window.sidecar"
65-->[androidx.window:window:1.0.0-beta04] AndroidManifest.xml:29:13-51
66            android:required="false" /> <!-- The minimal version code of ARCore APK required for an app using this SDK. -->
66-->[androidx.window:window:1.0.0-beta04] AndroidManifest.xml:30:13-37
67        <meta-data
67-->[com.google.ar:core:1.38.0] AndroidManifest.xml:27:9-29:41
68            android:name="com.google.ar.core.min_apk_version"
68-->[com.google.ar:core:1.38.0] AndroidManifest.xml:28:13-62
69            android:value="231000000" /> <!-- This activity is critical for installing ARCore when it is not already present. -->
69-->[com.google.ar:core:1.38.0] AndroidManifest.xml:29:13-38
70        <activity
70-->[com.google.ar:core:1.38.0] AndroidManifest.xml:31:9-37:80
71            android:name="com.google.ar.core.InstallActivity"
71-->[com.google.ar:core:1.38.0] AndroidManifest.xml:32:13-62
72            android:configChanges="keyboardHidden|orientation|screenSize"
72-->[com.google.ar:core:1.38.0] AndroidManifest.xml:33:13-74
73            android:excludeFromRecents="true"
73-->[com.google.ar:core:1.38.0] AndroidManifest.xml:34:13-46
74            android:exported="false"
74-->[com.google.ar:core:1.38.0] AndroidManifest.xml:35:13-37
75            android:launchMode="singleTop"
75-->[com.google.ar:core:1.38.0] AndroidManifest.xml:36:13-43
76            android:theme="@android:style/Theme.Material.Light.Dialog.Alert" />
76-->[com.google.ar:core:1.38.0] AndroidManifest.xml:37:13-77
77    </application>
78
79</manifest>